Build started 2014-12-07 오후 9:36:47.
     1>Project "D:\정보\학교수업\2-1\윈도우프로그래밍\기말고사\10월 31일\2011688P5_1\2011688P5_1.vcxproj" on node 2 (build target(s)).
     1>InitializeBuildStatus:
         Creating "Debug\2011688P5_1.unsuccessfulbuild" because "AlwaysCreate" was specified.
       ClCompile:
         All outputs are up-to-date.
         C:\Program Files\Microsoft Visual Studio 10.0\VC\bin\CL.exe /c /ZI /nologo /W3 /WX- /Od /Oy- /D WIN32 /D _WINDOWS /D _DEBUG /D _UNICODE /D UNICODE /D _AFXDLL /Gm /EHsc /RTC1 /MDd /GS /fp:precise /Zc:wchar_t /Zc:forScope /Yu"StdAfx.h" /Fp"Debug\2011688P5_1.pch" /Fo"Debug\\" /Fd"Debug\vc100.pdb" /Gd /TP /analyze- /errorReport:prompt 2011688P5_1View.cpp
         2011688P5_1View.cpp
       ResourceCompile:
         All outputs are up-to-date.
       ManifestResourceCompile:
         All outputs are up-to-date.
       Link:
         C:\Program Files\Microsoft Visual Studio 10.0\VC\bin\link.exe /ERRORREPORT:PROMPT /OUT:"D:\정보\학교수업\2-1\윈도우프로그래밍\기말고사\10월 31일\2011688P5_1\Debug\2011688P5_1.exe" /INCREMENTAL /NOLOGO /MANIFEST /ManifestFile:"Debug\2011688P5_1.exe.intermediate.manifest" /MANIFESTUAC:"level='asInvoker' uiAccess='false'" /DEBUG /PDB:"D:\정보\학교수업\2-1\윈도우프로그래밍\기말고사\10월 31일\2011688P5_1\Debug\2011688P5_1.pdb" /SUBSYSTEM:WINDOWS /TLBID:1 /ENTRY:"wWinMainCRTStartup" /DYNAMICBASE /NXCOMPAT /IMPLIB:"D:\정보\학교수업\2-1\윈도우프로그래밍\기말고사\10월 31일\2011688P5_1\Debug\2011688P5_1.lib" /MACHINE:X86 Debug\2011688P5_1.res
         Debug\2011688P5_1.exe.embed.manifest.res
         Debug\2011688P5_1.obj
         Debug\2011688P5_1Doc.obj
         Debug\2011688P5_1View.obj
         Debug\MainFrm.obj
         Debug\stdafx.obj
       Manifest:
         C:\Program Files\Microsoft SDKs\Windows\v7.0A\bin\mt.exe /nologo /verbose /out:"Debug\2011688P5_1.exe.embed.manifest" /manifest Debug\2011688P5_1.exe.intermediate.manifest "C:\Program Files\Microsoft Visual Studio 10.0\VC\Include\Manifest\dpiaware.manifest"
         All outputs are up-to-date.
       LinkEmbedManifest:
         All outputs are up-to-date.
         2011688P5_1.vcxproj -> D:\정보\학교수업\2-1\윈도우프로그래밍\기말고사\10월 31일\2011688P5_1\Debug\2011688P5_1.exe
       FinalizeBuildStatus:
         Deleting file "Debug\2011688P5_1.unsuccessfulbuild".
         Touching "Debug\2011688P5_1.lastbuildstate".
     1>Done Building Project "D:\정보\학교수업\2-1\윈도우프로그래밍\기말고사\10월 31일\2011688P5_1\2011688P5_1.vcxproj" (build target(s)).

빌드했습니다.

Time Elapsed 00:00:00.51
