Build started 2014-12-13 오전 11:29:36.
     1>Project "D:\정보\학교수업\2-1\윈도우프로그래밍\기말고사\11월 4일\20111688P7_2\20111688P7_2.vcxproj" on node 2 (build target(s)).
     1>InitializeBuildStatus:
         Creating "Debug\20111688P7_2.unsuccessfulbuild" because "AlwaysCreate" was specified.
       ClCompile:
         All outputs are up-to-date.
         C:\Program Files\Microsoft Visual Studio 10.0\VC\bin\CL.exe /c /ZI /nologo /W3 /WX- /Od /Oy- /D WIN32 /D _WINDOWS /D _DEBUG /D _UNICODE /D UNICODE /D _AFXDLL /Gm /EHsc /RTC1 /MDd /GS /fp:precise /Zc:wchar_t /Zc:forScope /Yu"StdAfx.h" /Fp"Debug\20111688P7_2.pch" /Fo"Debug\\" /Fd"Debug\vc100.pdb" /Gd /TP /analyze- /errorReport:prompt 20111688P7_2Dlg.cpp
         20111688P7_2Dlg.cpp
       ResourceCompile:
         All outputs are up-to-date.
       ManifestResourceCompile:
         All outputs are up-to-date.
       Link:
         C:\Program Files\Microsoft Visual Studio 10.0\VC\bin\link.exe /ERRORREPORT:PROMPT /OUT:"D:\정보\학교수업\2-1\윈도우프로그래밍\기말고사\11월 4일\20111688P7_2\Debug\20111688P7_2.exe" /INCREMENTAL /NOLOGO /MANIFEST /ManifestFile:"Debug\20111688P7_2.exe.intermediate.manifest" /MANIFESTUAC:"level='asInvoker' uiAccess='false'" /DEBUG /PDB:"D:\정보\학교수업\2-1\윈도우프로그래밍\기말고사\11월 4일\20111688P7_2\Debug\20111688P7_2.pdb" /SUBSYSTEM:WINDOWS /TLBID:1 /ENTRY:"wWinMainCRTStartup" /DYNAMICBASE /NXCOMPAT /IMPLIB:"D:\정보\학교수업\2-1\윈도우프로그래밍\기말고사\11월 4일\20111688P7_2\Debug\20111688P7_2.lib" /MACHINE:X86 Debug\20111688P7_2.res
         Debug\20111688P7_2.exe.embed.manifest.res
         Debug\20111688P7_2.obj
         Debug\20111688P7_2Dlg.obj
         Debug\stdafx.obj
       Manifest:
         C:\Program Files\Microsoft SDKs\Windows\v7.0A\bin\mt.exe /nologo /verbose /out:"Debug\20111688P7_2.exe.embed.manifest" /manifest Debug\20111688P7_2.exe.intermediate.manifest "C:\Program Files\Microsoft Visual Studio 10.0\VC\Include\Manifest\dpiaware.manifest"
         All outputs are up-to-date.
       LinkEmbedManifest:
         All outputs are up-to-date.
         20111688P7_2.vcxproj -> D:\정보\학교수업\2-1\윈도우프로그래밍\기말고사\11월 4일\20111688P7_2\Debug\20111688P7_2.exe
       FinalizeBuildStatus:
         Deleting file "Debug\20111688P7_2.unsuccessfulbuild".
         Touching "Debug\20111688P7_2.lastbuildstate".
     1>Done Building Project "D:\정보\학교수업\2-1\윈도우프로그래밍\기말고사\11월 4일\20111688P7_2\20111688P7_2.vcxproj" (build target(s)).

빌드했습니다.

Time Elapsed 00:00:00.53
