Build started 2014-11-02 오후 11:46:28.
     1>Project "D:\정보\학교수업\2-1\파일구조\기말고사\AVL(내꺼)\AVLtreeProgram\AVLtreeProgram.vcxproj" on node 2 (build target(s)).
     1>InitializeBuildStatus:
         Creating "Debug\AVLtreeProgram.unsuccessfulbuild" because "AlwaysCreate" was specified.
       ClCompile:
         C:\Program Files\Microsoft Visual Studio 10.0\VC\bin\CL.exe /c /ZI /nologo /W3 /WX- /Od /Oy- /D WIN32 /D _DEBUG /D _CONSOLE /D _UNICODE /D UNICODE /Gm /EHsc /RTC1 /MDd /GS /fp:precise /Zc:wchar_t /Zc:forScope /Fo"Debug\\" /Fd"Debug\vc100.pdb" /Gd /TC /analyze- /errorReport:prompt BinaryTree3.c
         BinaryTree3.c
       ManifestResourceCompile:
         All outputs are up-to-date.
       Link:
         C:\Program Files\Microsoft Visual Studio 10.0\VC\bin\link.exe /ERRORREPORT:PROMPT /OUT:"D:\정보\학교수업\2-1\파일구조\기말고사\AVL(내꺼)\AVLtreeProgram\Debug\AVLtreeProgram.exe" /INCREMENTAL /NOLOGO kernel32.lib user32.lib gdi32.lib winspool.lib comdlg32.lib advapi32.lib shell32.lib ole32.lib oleaut32.lib uuid.lib odbc32.lib odbccp32.lib /MANIFEST /ManifestFile:"Debug\AVLtreeProgram.exe.intermediate.manifest" /MANIFESTUAC:"level='asInvoker' uiAccess='false'" /DEBUG /PDB:"D:\정보\학교수업\2-1\파일구조\기말고사\AVL(내꺼)\AVLtreeProgram\Debug\AVLtreeProgram.pdb" /SUBSYSTEM:CONSOLE /TLBID:1 /DYNAMICBASE /NXCOMPAT /IMPLIB:"D:\정보\학교수업\2-1\파일구조\기말고사\AVL(내꺼)\AVLtreeProgram\Debug\AVLtreeProgram.lib" /MACHINE:X86 Debug\AVLtreeProgram.exe.embed.manifest.res
         Debug\AVLRebalance.obj
         Debug\AVLTreeMain.obj
         Debug\BinarySearchTree3.obj
         Debug\BinaryTree3.obj
       Manifest:
         C:\Program Files\Microsoft SDKs\Windows\v7.0A\bin\mt.exe /nologo /verbose /out:"Debug\AVLtreeProgram.exe.embed.manifest" /manifest Debug\AVLtreeProgram.exe.intermediate.manifest
         All outputs are up-to-date.
       LinkEmbedManifest:
         All outputs are up-to-date.
         AVLtreeProgram.vcxproj -> D:\정보\학교수업\2-1\파일구조\기말고사\AVL(내꺼)\AVLtreeProgram\Debug\AVLtreeProgram.exe
       FinalizeBuildStatus:
         Deleting file "Debug\AVLtreeProgram.unsuccessfulbuild".
         Touching "Debug\AVLtreeProgram.lastbuildstate".
     1>Done Building Project "D:\정보\학교수업\2-1\파일구조\기말고사\AVL(내꺼)\AVLtreeProgram\AVLtreeProgram.vcxproj" (build target(s)).

빌드했습니다.

Time Elapsed 00:00:00.48
